2024-11-16T11:22:08.956Z - Invalid data received from marketSocket: {"data":"Connected to server"}
2024-11-16T12:10:22.303Z - Invalid data received from marketSocket: {"data":"Connected to server"}
2024-11-16T12:14:27.124Z - Invalid data received from marketSocket: {"data":"Connected to server"}
2024-11-16T12:15:59.166Z - OrderSocket server running on port 8050
2024-11-16T12:15:59.178Z - Invalid data received from marketSocket: {"data":"Connected to server"}
2024-11-16T12:15:59.215Z - Client connected to OrderSocket
2024-11-16T12:16:04.621Z - Client disconnected from OrderSocket
2024-11-16T12:16:22.177Z - Client connected to OrderSocket
2024-11-16T12:19:05.974Z - Market sell order placed and filled: {"exchangeSegment":"NSEFO","productType":"NRML","orderType":"MARKET","timeInForce":"DAY","disclosedQuantity":0,"limitPrice":0,"stopPrice":0,"OrderUniqueIdentifier":"strategy1leg2","AppOrderID":"APP1731759545972","exchangeInstrumentID":41311,"OrderSide":"SELL","OrderQuantity":30,"OrderPrice":364.65,"OrderStatus":"Filled","OrderAverageTradedPrice":364.65,"LastUpdateDateTime":"2024-11-16T12:19:05.972Z"}
2024-11-16T12:19:05.974Z - Trade update emitted: {"LoginID":"XTS","ClientID":"XTSCLI","AppOrderID":"APP1731759545972","OrderReferenceID":"","GeneratedBy":"TWSAPI","ExchangeOrderID":"EXCHANGE1731759545973","OrderCategoryType":"NORMAL","ExchangeSegment":"NSEFO","ExchangeInstrumentID":41311,"OrderSide":"SELL","OrderType":"MARKET","ProductType":"NRML","TimeInForce":"DAY","OrderPrice":364.65,"OrderQuantity":30,"OrderStopPrice":0,"OrderStatus":"Filled","OrderAverageTradedPrice":364.65,"LeavesQuantity":0,"CumulativeQuantity":30,"OrderDisclosedQuantity":0,"OrderGeneratedDateTime":"2024-11-16T12:19:05.973Z","ExchangeTransactTime":"2024-11-16T12:19:05.973Z","LastUpdateDateTime":"2024-11-16T12:19:05.973Z","OrderUniqueIdentifier":"strategy1leg2","OrderLegStatus":"SingleOrderLeg","LastTradedPrice":364.65,"LastTradedQuantity":30,"LastExecutionTransactTime":"2024-11-16T12:19:05.973Z","ExecutionID":"EXEC1731759545973","ExecutionReportIndex":3,"IsSpread":false,"MessageCode":9005,"MessageVersion":1,"TokenID":0,"ApplicationType":0,"SequenceNumber":0}
2024-11-16T12:20:47.013Z - Client disconnected from OrderSocket
2024-11-16T12:21:26.711Z - Client connected to OrderSocket
2024-11-16T14:42:45.181Z - OrderSocket server running on port 8050
2024-11-16T14:42:45.194Z - Invalid data received from marketSocket: {"data":"Connected to server"}
2024-11-16T14:42:45.504Z - Client connected to OrderSocket
2024-11-16T14:42:47.938Z - Client disconnected from OrderSocket
2024-11-16T14:42:48.941Z - Client connected to OrderSocket
2024-11-16T14:42:51.773Z - Client disconnected from OrderSocket
2024-11-16T14:42:58.866Z - Client connected to OrderSocket
2024-11-16T14:43:38.921Z - Market sell order placed and filled: {"exchangeSegment":"NSEFO","productType":"NRML","orderType":"MARKET","timeInForce":"DAY","disclosedQuantity":0,"limitPrice":0,"stopPrice":0,"OrderUniqueIdentifier":"strategy1leg1","AppOrderID":"APP1731768218919","exchangeInstrumentID":41324,"OrderSide":"SELL","OrderQuantity":30,"OrderPrice":679.55,"OrderStatus":"Filled","OrderAverageTradedPrice":679.55,"LastUpdateDateTime":"2024-11-16T14:43:38.919Z"}
2024-11-16T14:43:38.921Z - Trade update emitted: {"LoginID":"XTS","ClientID":"XTSCLI","AppOrderID":"APP1731768218919","OrderReferenceID":"","GeneratedBy":"TWSAPI","ExchangeOrderID":"EXCHANGE1731768218920","OrderCategoryType":"NORMAL","ExchangeSegment":"NSEFO","ExchangeInstrumentID":41324,"OrderSide":"SELL","OrderType":"MARKET","ProductType":"NRML","TimeInForce":"DAY","OrderPrice":679.55,"OrderQuantity":30,"OrderStopPrice":0,"OrderStatus":"Filled","OrderAverageTradedPrice":679.55,"LeavesQuantity":0,"CumulativeQuantity":30,"OrderDisclosedQuantity":0,"OrderGeneratedDateTime":"2024-11-16T14:43:38.920Z","ExchangeTransactTime":"2024-11-16T14:43:38.920Z","LastUpdateDateTime":"2024-11-16T14:43:38.920Z","OrderUniqueIdentifier":"strategy1leg1","OrderLegStatus":"SingleOrderLeg","LastTradedPrice":679.55,"LastTradedQuantity":30,"LastExecutionTransactTime":"2024-11-16T14:43:38.920Z","ExecutionID":"EXEC1731768218920","ExecutionReportIndex":3,"IsSpread":false,"MessageCode":9005,"MessageVersion":1,"TokenID":0,"ApplicationType":0,"SequenceNumber":0}
2024-11-16T14:45:46.308Z - Stop-Limit order placed: {"exchangeInstrumentID":41324,"OrderSide":"BUY","OrderQuantity":30,"OrderType":"StopLimit","OrderStatus":"New","OrderPrice":696.55,"OrderStopPrice":694.55,"OrderUniqueIdentifier":"strategy1leg1_sl","AppOrderID":"APP1731768346307","LastUpdateDateTime":"2024-11-16T14:45:46.307Z","OrderGeneratedDateTime":"2024-11-16T14:45:46.307Z"}
2024-11-16T14:52:53.752Z - Client disconnected from OrderSocket
2024-11-16T14:53:00.067Z - Client connected to OrderSocket
2024-11-16T14:54:12.850Z - Client disconnected from OrderSocket
2024-11-16T14:54:22.045Z - Client connected to OrderSocket
2024-11-16T15:01:27.253Z - Client disconnected from OrderSocket
2024-11-16T15:01:35.138Z - Client connected to OrderSocket
2024-11-16T15:02:09.485Z - Market sell order placed and filled: {"exchangeSegment":"NSEFO","productType":"NRML","orderType":"MARKET","timeInForce":"DAY","disclosedQuantity":0,"limitPrice":0,"stopPrice":0,"OrderUniqueIdentifier":"strategy1leg1","AppOrderID":"APP1731769329483","exchangeInstrumentID":41318,"OrderSide":"SELL","OrderQuantity":30,"OrderPrice":684.2,"OrderStatus":"Filled","OrderAverageTradedPrice":684.2,"LastUpdateDateTime":"2024-11-16T15:02:09.483Z"}
2024-11-16T15:02:09.485Z - Trade update emitted: {"LoginID":"XTS","ClientID":"XTSCLI","AppOrderID":"APP1731769329483","OrderReferenceID":"","GeneratedBy":"TWSAPI","ExchangeOrderID":"EXCHANGE1731769329484","OrderCategoryType":"NORMAL","ExchangeSegment":"NSEFO","ExchangeInstrumentID":41318,"OrderSide":"SELL","OrderType":"MARKET","ProductType":"NRML","TimeInForce":"DAY","OrderPrice":684.2,"OrderQuantity":30,"OrderStopPrice":0,"OrderStatus":"Filled","OrderAverageTradedPrice":684.2,"LeavesQuantity":0,"CumulativeQuantity":30,"OrderDisclosedQuantity":0,"OrderGeneratedDateTime":"2024-11-16T15:02:09.484Z","ExchangeTransactTime":"2024-11-16T15:02:09.484Z","LastUpdateDateTime":"2024-11-16T15:02:09.484Z","OrderUniqueIdentifier":"strategy1leg1","OrderLegStatus":"SingleOrderLeg","LastTradedPrice":684.2,"LastTradedQuantity":30,"LastExecutionTransactTime":"2024-11-16T15:02:09.484Z","ExecutionID":"EXEC1731769329484","ExecutionReportIndex":3,"IsSpread":false,"MessageCode":9005,"MessageVersion":1,"TokenID":0,"ApplicationType":0,"SequenceNumber":0}
2024-11-16T15:04:04.477Z - Stop-Limit order placed: {"exchangeInstrumentID":41318,"OrderSide":"BUY","OrderQuantity":30,"OrderType":"StopLimit","OrderStatus":"New","OrderPrice":701.2,"OrderStopPrice":699.2,"OrderUniqueIdentifier":"strategy1leg1_sl","AppOrderID":"APP1731769444476","LastUpdateDateTime":"2024-11-16T15:04:04.476Z","OrderGeneratedDateTime":"2024-11-16T15:04:04.476Z"}
2024-11-16T15:28:49.627Z - Client disconnected from OrderSocket
2024-11-16T15:29:07.261Z - Client connected to OrderSocket
2024-11-16T15:30:12.440Z - Client disconnected from OrderSocket
2024-11-16T15:30:18.981Z - Client connected to OrderSocket
2024-11-16T15:37:17.023Z - OrderSocket server running on port 8050
2024-11-16T15:37:17.040Z - Invalid data received from marketSocket: {"data":"Connected to server"}
2024-11-16T15:37:28.116Z - Client connected to OrderSocket
2024-11-16T15:40:46.652Z - Client disconnected from OrderSocket
2024-11-16T15:40:53.536Z - Client connected to OrderSocket
2024-11-16T15:41:57.397Z - Client disconnected from OrderSocket
2024-11-16T15:42:05.693Z - Client connected to OrderSocket
2024-11-16T15:43:21.013Z - Client disconnected from OrderSocket
2024-11-16T15:43:40.452Z - Client connected to OrderSocket
2024-11-16T16:14:41.586Z - OrderSocket server running on port 8050
2024-11-16T16:14:41.616Z - Invalid data received from marketSocket: {"data":"Connected to server"}
2024-11-16T16:14:58.772Z - Client connected to OrderSocket
2024-11-16T16:15:36.375Z - Market sell order placed and filled: {"exchangeSegment":"NSEFO","productType":"NRML","orderType":"MARKET","timeInForce":"DAY","disclosedQuantity":0,"limitPrice":0,"stopPrice":0,"OrderUniqueIdentifier":"strategy1leg1","AppOrderID":"APP1731773736373","exchangeInstrumentID":41322,"OrderSide":"SELL","OrderQuantity":30,"OrderPrice":713.35,"OrderStatus":"Filled","OrderAverageTradedPrice":713.35,"LastUpdateDateTime":"2024-11-16T16:15:36.373Z"}
2024-11-16T16:15:36.375Z - Trade update emitted: {"LoginID":"XTS","ClientID":"XTSCLI","AppOrderID":"APP1731773736373","OrderReferenceID":"","GeneratedBy":"TWSAPI","ExchangeOrderID":"EXCHANGE1731773736374","OrderCategoryType":"NORMAL","ExchangeSegment":"NSEFO","ExchangeInstrumentID":41322,"OrderSide":"SELL","OrderType":"MARKET","ProductType":"NRML","TimeInForce":"DAY","OrderPrice":713.35,"OrderQuantity":30,"OrderStopPrice":0,"OrderStatus":"Filled","OrderAverageTradedPrice":713.35,"LeavesQuantity":0,"CumulativeQuantity":30,"OrderDisclosedQuantity":0,"OrderGeneratedDateTime":"2024-11-16T16:15:36.374Z","ExchangeTransactTime":"2024-11-16T16:15:36.374Z","LastUpdateDateTime":"2024-11-16T16:15:36.374Z","OrderUniqueIdentifier":"strategy1leg1","OrderLegStatus":"SingleOrderLeg","LastTradedPrice":713.35,"LastTradedQuantity":30,"LastExecutionTransactTime":"2024-11-16T16:15:36.374Z","ExecutionID":"EXEC1731773736374","ExecutionReportIndex":3,"IsSpread":false,"MessageCode":9005,"MessageVersion":1,"TokenID":0,"ApplicationType":0,"SequenceNumber":0}
2024-11-16T16:18:58.098Z - OrderSocket server running on port 8050
2024-11-16T16:18:58.128Z - Invalid data received from marketSocket: {"data":"Connected to server"}
2024-11-16T16:19:06.291Z - Client connected to OrderSocket
2024-11-16T16:19:51.467Z - Client disconnected from OrderSocket
2024-11-16T16:19:59.941Z - Client connected to OrderSocket
2024-11-16T16:20:28.539Z - Client disconnected from OrderSocket
2024-11-16T16:20:43.193Z - Client connected to OrderSocket
2024-11-16T16:20:59.617Z - OrderSocket server running on port 8050
2024-11-16T16:20:59.632Z - Invalid data received from marketSocket: {"data":"Connected to server"}
2024-11-16T16:21:09.836Z - Client connected to OrderSocket
2024-11-16T16:21:46.233Z - Market sell order placed and filled: {"exchangeSegment":"NSEFO","productType":"NRML","orderType":"MARKET","timeInForce":"DAY","disclosedQuantity":0,"limitPrice":0,"stopPrice":0,"OrderUniqueIdentifier":"strategy1leg1","AppOrderID":"APP1731774106232","exchangeInstrumentID":41322,"OrderSide":"SELL","OrderQuantity":30,"OrderPrice":693.2,"OrderStatus":"Filled","OrderAverageTradedPrice":693.2,"LastUpdateDateTime":"2024-11-16T16:21:46.232Z"}
2024-11-16T16:21:46.234Z - Trade update emitted: {"LoginID":"XTS","ClientID":"XTSCLI","AppOrderID":"APP1731774106232","OrderReferenceID":"","GeneratedBy":"TWSAPI","ExchangeOrderID":"EXCHANGE1731774106233","OrderCategoryType":"NORMAL","ExchangeSegment":"NSEFO","ExchangeInstrumentID":41322,"OrderSide":"SELL","OrderType":"MARKET","ProductType":"NRML","TimeInForce":"DAY","OrderPrice":693.2,"OrderQuantity":30,"OrderStopPrice":0,"OrderStatus":"Filled","OrderAverageTradedPrice":693.2,"LeavesQuantity":0,"CumulativeQuantity":30,"OrderDisclosedQuantity":0,"OrderGeneratedDateTime":"2024-11-16T16:21:46.233Z","ExchangeTransactTime":"2024-11-16T16:21:46.233Z","LastUpdateDateTime":"2024-11-16T16:21:46.233Z","OrderUniqueIdentifier":"strategy1leg1","OrderLegStatus":"SingleOrderLeg","LastTradedPrice":693.2,"LastTradedQuantity":30,"LastExecutionTransactTime":"2024-11-16T16:21:46.233Z","ExecutionID":"EXEC1731774106233","ExecutionReportIndex":3,"IsSpread":false,"MessageCode":9005,"MessageVersion":1,"TokenID":0,"ApplicationType":0,"SequenceNumber":0}
2024-11-16T16:23:00.239Z - OrderSocket server running on port 8050
2024-11-16T16:23:00.253Z - Invalid data received from marketSocket: {"data":"Connected to server"}
2024-11-16T16:23:05.879Z - Client connected to OrderSocket
2024-11-16T16:23:50.477Z - Market sell order placed and filled: {"exchangeSegment":"NSEFO","productType":"NRML","orderType":"MARKET","timeInForce":"DAY","disclosedQuantity":0,"limitPrice":0,"stopPrice":0,"OrderUniqueIdentifier":"strategy1leg1","AppOrderID":"APP1731774230475","exchangeInstrumentID":41322,"OrderSide":"SELL","OrderQuantity":30,"OrderPrice":724.5,"OrderStatus":"Filled","OrderAverageTradedPrice":724.5,"LastUpdateDateTime":"2024-11-16T16:23:50.475Z"}
2024-11-16T16:23:50.477Z - Trade update emitted: {"LoginID":"XTS","ClientID":"XTSCLI","AppOrderID":"APP1731774230475","OrderReferenceID":"","GeneratedBy":"TWSAPI","ExchangeOrderID":"EXCHANGE1731774230476","OrderCategoryType":"NORMAL","ExchangeSegment":"NSEFO","ExchangeInstrumentID":41322,"OrderSide":"SELL","OrderType":"MARKET","ProductType":"NRML","TimeInForce":"DAY","OrderPrice":724.5,"OrderQuantity":30,"OrderStopPrice":0,"OrderStatus":"Filled","OrderAverageTradedPrice":724.5,"LeavesQuantity":0,"CumulativeQuantity":30,"OrderDisclosedQuantity":0,"OrderGeneratedDateTime":"2024-11-16T16:23:50.476Z","ExchangeTransactTime":"2024-11-16T16:23:50.476Z","LastUpdateDateTime":"2024-11-16T16:23:50.476Z","OrderUniqueIdentifier":"strategy1leg1","OrderLegStatus":"SingleOrderLeg","LastTradedPrice":724.5,"LastTradedQuantity":30,"LastExecutionTransactTime":"2024-11-16T16:23:50.476Z","ExecutionID":"EXEC1731774230476","ExecutionReportIndex":3,"IsSpread":false,"MessageCode":9005,"MessageVersion":1,"TokenID":0,"ApplicationType":0,"SequenceNumber":0}
2024-11-16T16:25:23.647Z - OrderSocket server running on port 8050
2024-11-16T16:25:23.660Z - Invalid data received from marketSocket: {"data":"Connected to server"}
2024-11-16T16:25:33.181Z - Client connected to OrderSocket
2024-11-16T16:26:10.435Z - Market sell order placed and filled: {"exchangeSegment":"NSEFO","productType":"NRML","orderType":"MARKET","timeInForce":"DAY","disclosedQuantity":0,"limitPrice":0,"stopPrice":0,"OrderUniqueIdentifier":"strategy1leg1","AppOrderID":"APP1731774370433","exchangeInstrumentID":41322,"OrderSide":"SELL","OrderQuantity":30,"OrderPrice":711.15,"OrderStatus":"Filled","OrderAverageTradedPrice":711.15,"LastUpdateDateTime":"2024-11-16T16:26:10.433Z"}
2024-11-16T16:26:10.435Z - Trade update emitted: {"LoginID":"XTS","ClientID":"XTSCLI","AppOrderID":"APP1731774370433","OrderReferenceID":"","GeneratedBy":"TWSAPI","ExchangeOrderID":"EXCHANGE1731774370434","OrderCategoryType":"NORMAL","ExchangeSegment":"NSEFO","ExchangeInstrumentID":41322,"OrderSide":"SELL","OrderType":"MARKET","ProductType":"NRML","TimeInForce":"DAY","OrderPrice":711.15,"OrderQuantity":30,"OrderStopPrice":0,"OrderStatus":"Filled","OrderAverageTradedPrice":711.15,"LeavesQuantity":0,"CumulativeQuantity":30,"OrderDisclosedQuantity":0,"OrderGeneratedDateTime":"2024-11-16T16:26:10.434Z","ExchangeTransactTime":"2024-11-16T16:26:10.434Z","LastUpdateDateTime":"2024-11-16T16:26:10.434Z","OrderUniqueIdentifier":"strategy1leg1","OrderLegStatus":"SingleOrderLeg","LastTradedPrice":711.15,"LastTradedQuantity":30,"LastExecutionTransactTime":"2024-11-16T16:26:10.434Z","ExecutionID":"EXEC1731774370434","ExecutionReportIndex":3,"IsSpread":false,"MessageCode":9005,"MessageVersion":1,"TokenID":0,"ApplicationType":0,"SequenceNumber":0}
2024-11-16T16:27:43.891Z - OrderSocket server running on port 8050
2024-11-16T16:27:43.904Z - Invalid data received from marketSocket: {"data":"Connected to server"}
2024-11-16T16:27:50.225Z - Client connected to OrderSocket
2024-11-16T16:28:30.887Z - Market sell order placed and filled: {"exchangeSegment":"NSEFO","productType":"NRML","orderType":"MARKET","timeInForce":"DAY","disclosedQuantity":0,"limitPrice":0,"stopPrice":0,"OrderUniqueIdentifier":"strategy1leg1","AppOrderID":"APP1731774510885","exchangeInstrumentID":41322,"OrderSide":"SELL","OrderQuantity":30,"OrderPrice":716.15,"OrderStatus":"Filled","OrderAverageTradedPrice":716.15,"LastUpdateDateTime":"2024-11-16T16:28:30.885Z"}
2024-11-16T16:28:30.887Z - Trade update emitted: {"LoginID":"XTS","ClientID":"XTSCLI","AppOrderID":"APP1731774510885","OrderReferenceID":"","GeneratedBy":"TWSAPI","ExchangeOrderID":"EXCHANGE1731774510886","OrderCategoryType":"NORMAL","ExchangeSegment":"NSEFO","ExchangeInstrumentID":41322,"OrderSide":"SELL","OrderType":"MARKET","ProductType":"NRML","TimeInForce":"DAY","OrderPrice":716.15,"OrderQuantity":30,"OrderStopPrice":0,"OrderStatus":"Filled","OrderAverageTradedPrice":716.15,"LeavesQuantity":0,"CumulativeQuantity":30,"OrderDisclosedQuantity":0,"OrderGeneratedDateTime":"2024-11-16T16:28:30.886Z","ExchangeTransactTime":"2024-11-16T16:28:30.886Z","LastUpdateDateTime":"2024-11-16T16:28:30.886Z","OrderUniqueIdentifier":"strategy1leg1","OrderLegStatus":"SingleOrderLeg","LastTradedPrice":716.15,"LastTradedQuantity":30,"LastExecutionTransactTime":"2024-11-16T16:28:30.886Z","ExecutionID":"EXEC1731774510886","ExecutionReportIndex":3,"IsSpread":false,"MessageCode":9005,"MessageVersion":1,"TokenID":0,"ApplicationType":0,"SequenceNumber":0}
2024-11-16T16:31:31.722Z - Market sell order placed and filled: {"exchangeSegment":"NSEFO","productType":"NRML","orderType":"MARKET","timeInForce":"DAY","disclosedQuantity":0,"limitPrice":0,"stopPrice":0,"OrderUniqueIdentifier":"strategy1leg2","AppOrderID":"APP1731774691720","exchangeInstrumentID":41315,"OrderSide":"SELL","OrderQuantity":30,"OrderPrice":409.35,"OrderStatus":"Filled","OrderAverageTradedPrice":409.35,"LastUpdateDateTime":"2024-11-16T16:31:31.720Z"}
2024-11-16T16:31:31.723Z - Trade update emitted: {"LoginID":"XTS","ClientID":"XTSCLI","AppOrderID":"APP1731774691720","OrderReferenceID":"","GeneratedBy":"TWSAPI","ExchangeOrderID":"EXCHANGE1731774691721","OrderCategoryType":"NORMAL","ExchangeSegment":"NSEFO","ExchangeInstrumentID":41315,"OrderSide":"SELL","OrderType":"MARKET","ProductType":"NRML","TimeInForce":"DAY","OrderPrice":409.35,"OrderQuantity":30,"OrderStopPrice":0,"OrderStatus":"Filled","OrderAverageTradedPrice":409.35,"LeavesQuantity":0,"CumulativeQuantity":30,"OrderDisclosedQuantity":0,"OrderGeneratedDateTime":"2024-11-16T16:31:31.721Z","ExchangeTransactTime":"2024-11-16T16:31:31.721Z","LastUpdateDateTime":"2024-11-16T16:31:31.721Z","OrderUniqueIdentifier":"strategy1leg2","OrderLegStatus":"SingleOrderLeg","LastTradedPrice":409.35,"LastTradedQuantity":30,"LastExecutionTransactTime":"2024-11-16T16:31:31.721Z","ExecutionID":"EXEC1731774691721","ExecutionReportIndex":3,"IsSpread":false,"MessageCode":9005,"MessageVersion":1,"TokenID":0,"ApplicationType":0,"SequenceNumber":0}
2024-11-16T16:31:31.736Z - Stop-Limit order placed: {"exchangeInstrumentID":41322,"OrderSide":"BUY","OrderQuantity":30,"OrderType":"StopLimit","OrderStatus":"New","OrderPrice":733.15,"OrderStopPrice":731.15,"OrderUniqueIdentifier":"strategy1leg1_sl","AppOrderID":"APP1731774691734","LastUpdateDateTime":"2024-11-16T16:31:31.734Z","OrderGeneratedDateTime":"2024-11-16T16:31:31.734Z"}
2024-11-16T16:31:32.570Z - Invalid data received from marketSocket: {"data":"Connected to server"}
2024-11-16T16:31:33.306Z - Client connected to OrderSocket
2024-11-16T16:31:54.455Z - Client disconnected from OrderSocket
2024-11-16T16:33:13.843Z - OrderSocket server running on port 8050
2024-11-16T16:33:13.860Z - Invalid data received from marketSocket: {"data":"Connected to server"}
2024-11-16T16:33:22.817Z - Client connected to OrderSocket
2024-11-16T16:33:32.242Z - Client disconnected from OrderSocket
2024-11-16T16:33:38.275Z - Client connected to OrderSocket
2024-11-16T16:33:46.039Z - Client disconnected from OrderSocket
2024-11-16T16:35:15.140Z - OrderSocket server running on port 8050
2024-11-16T16:35:15.173Z - Invalid data received from marketSocket: {"data":"Connected to server"}
2024-11-16T16:35:24.451Z - Client connected to OrderSocket
2024-11-16T16:37:34.004Z - OrderSocket server running on port 8050
2024-11-16T16:37:34.017Z - Invalid data received from marketSocket: {"data":"Connected to server"}
2024-11-16T16:37:45.119Z - Client connected to OrderSocket
2024-11-16T16:38:23.035Z - Market sell order placed and filled: {"exchangeSegment":"NSEFO","productType":"NRML","orderType":"MARKET","timeInForce":"DAY","disclosedQuantity":0,"limitPrice":0,"stopPrice":0,"OrderUniqueIdentifier":"strategy1leg1","AppOrderID":"APP1731775103034","exchangeInstrumentID":41322,"OrderSide":"SELL","OrderQuantity":30,"OrderPrice":681.45,"OrderStatus":"Filled","OrderAverageTradedPrice":681.45,"LastUpdateDateTime":"2024-11-16T16:38:23.034Z"}
2024-11-16T16:38:23.035Z - Trade update emitted: {"LoginID":"XTS","ClientID":"XTSCLI","AppOrderID":"APP1731775103034","OrderReferenceID":"","GeneratedBy":"TWSAPI","ExchangeOrderID":"EXCHANGE1731775103034","OrderCategoryType":"NORMAL","ExchangeSegment":"NSEFO","ExchangeInstrumentID":41322,"OrderSide":"SELL","OrderType":"MARKET","ProductType":"NRML","TimeInForce":"DAY","OrderPrice":681.45,"OrderQuantity":30,"OrderStopPrice":0,"OrderStatus":"Filled","OrderAverageTradedPrice":681.45,"LeavesQuantity":0,"CumulativeQuantity":30,"OrderDisclosedQuantity":0,"OrderGeneratedDateTime":"2024-11-16T16:38:23.034Z","ExchangeTransactTime":"2024-11-16T16:38:23.034Z","LastUpdateDateTime":"2024-11-16T16:38:23.034Z","OrderUniqueIdentifier":"strategy1leg1","OrderLegStatus":"SingleOrderLeg","LastTradedPrice":681.45,"LastTradedQuantity":30,"LastExecutionTransactTime":"2024-11-16T16:38:23.034Z","ExecutionID":"EXEC1731775103034","ExecutionReportIndex":3,"IsSpread":false,"MessageCode":9005,"MessageVersion":1,"TokenID":0,"ApplicationType":0,"SequenceNumber":0}
2024-11-16T16:40:31.284Z - Market sell order placed and filled: {"exchangeSegment":"NSEFO","productType":"NRML","orderType":"MARKET","timeInForce":"DAY","disclosedQuantity":0,"limitPrice":0,"stopPrice":0,"OrderUniqueIdentifier":"strategy1leg2","AppOrderID":"APP1731775231282","exchangeInstrumentID":41315,"OrderSide":"SELL","OrderQuantity":30,"OrderPrice":400.25,"OrderStatus":"Filled","OrderAverageTradedPrice":400.25,"LastUpdateDateTime":"2024-11-16T16:40:31.282Z"}
2024-11-16T16:40:31.285Z - Trade update emitted: {"LoginID":"XTS","ClientID":"XTSCLI","AppOrderID":"APP1731775231282","OrderReferenceID":"","GeneratedBy":"TWSAPI","ExchangeOrderID":"EXCHANGE1731775231283","OrderCategoryType":"NORMAL","ExchangeSegment":"NSEFO","ExchangeInstrumentID":41315,"OrderSide":"SELL","OrderType":"MARKET","ProductType":"NRML","TimeInForce":"DAY","OrderPrice":400.25,"OrderQuantity":30,"OrderStopPrice":0,"OrderStatus":"Filled","OrderAverageTradedPrice":400.25,"LeavesQuantity":0,"CumulativeQuantity":30,"OrderDisclosedQuantity":0,"OrderGeneratedDateTime":"2024-11-16T16:40:31.283Z","ExchangeTransactTime":"2024-11-16T16:40:31.283Z","LastUpdateDateTime":"2024-11-16T16:40:31.283Z","OrderUniqueIdentifier":"strategy1leg2","OrderLegStatus":"SingleOrderLeg","LastTradedPrice":400.25,"LastTradedQuantity":30,"LastExecutionTransactTime":"2024-11-16T16:40:31.283Z","ExecutionID":"EXEC1731775231283","ExecutionReportIndex":3,"IsSpread":false,"MessageCode":9005,"MessageVersion":1,"TokenID":0,"ApplicationType":0,"SequenceNumber":0}
2024-11-16T16:40:31.293Z - Stop-Limit order placed: {"exchangeInstrumentID":41322,"OrderSide":"BUY","OrderQuantity":30,"OrderType":"StopLimit","OrderStatus":"New","OrderPrice":698.45,"OrderStopPrice":696.45,"OrderUniqueIdentifier":"strategy1leg1_sl","AppOrderID":"APP1731775231291","LastUpdateDateTime":"2024-11-16T16:40:31.291Z","OrderGeneratedDateTime":"2024-11-16T16:40:31.291Z"}
2024-11-16T16:40:31.300Z - Stop-Limit order placed: {"exchangeInstrumentID":41315,"OrderSide":"BUY","OrderQuantity":30,"OrderType":"StopLimit","OrderStatus":"New","OrderPrice":417.25,"OrderStopPrice":415.25,"OrderUniqueIdentifier":"strategy1leg2_sl","AppOrderID":"APP1731775231298","LastUpdateDateTime":"2024-11-16T16:40:31.298Z","OrderGeneratedDateTime":"2024-11-16T16:40:31.298Z"}
2024-11-16T16:42:04.820Z - Client disconnected from OrderSocket
2024-11-16T16:49:59.425Z - OrderSocket server running on port 8050
2024-11-16T16:49:59.438Z - Invalid data received from marketSocket: {"data":"Connected to server"}
2024-11-16T16:50:07.919Z - Client connected to OrderSocket
2024-11-16T16:50:47.889Z - Market sell order placed and filled: {"exchangeSegment":"NSEFO","productType":"NRML","orderType":"MARKET","timeInForce":"DAY","disclosedQuantity":0,"limitPrice":0,"stopPrice":0,"OrderUniqueIdentifier":"strategy1leg1","AppOrderID":"APP1731775847886","exchangeInstrumentID":41322,"OrderSide":"SELL","OrderQuantity":30,"OrderPrice":718.9,"OrderStatus":"Filled","OrderAverageTradedPrice":718.9,"LastUpdateDateTime":"2024-11-16T16:50:47.886Z"}
2024-11-16T16:50:47.889Z - Trade update emitted: {"LoginID":"XTS","ClientID":"XTSCLI","AppOrderID":"APP1731775847886","OrderReferenceID":"","GeneratedBy":"TWSAPI","ExchangeOrderID":"EXCHANGE1731775847887","OrderCategoryType":"NORMAL","ExchangeSegment":"NSEFO","ExchangeInstrumentID":41322,"OrderSide":"SELL","OrderType":"MARKET","ProductType":"NRML","TimeInForce":"DAY","OrderPrice":718.9,"OrderQuantity":30,"OrderStopPrice":0,"OrderStatus":"Filled","OrderAverageTradedPrice":718.9,"LeavesQuantity":0,"CumulativeQuantity":30,"OrderDisclosedQuantity":0,"OrderGeneratedDateTime":"2024-11-16T16:50:47.887Z","ExchangeTransactTime":"2024-11-16T16:50:47.887Z","LastUpdateDateTime":"2024-11-16T16:50:47.887Z","OrderUniqueIdentifier":"strategy1leg1","OrderLegStatus":"SingleOrderLeg","LastTradedPrice":718.9,"LastTradedQuantity":30,"LastExecutionTransactTime":"2024-11-16T16:50:47.887Z","ExecutionID":"EXEC1731775847887","ExecutionReportIndex":3,"IsSpread":false,"MessageCode":9005,"MessageVersion":1,"TokenID":0,"ApplicationType":0,"SequenceNumber":0}
2024-11-16T16:52:59.764Z - Market sell order placed and filled: {"exchangeSegment":"NSEFO","productType":"NRML","orderType":"MARKET","timeInForce":"DAY","disclosedQuantity":0,"limitPrice":0,"stopPrice":0,"OrderUniqueIdentifier":"strategy1leg2","AppOrderID":"APP1731775979762","exchangeInstrumentID":41315,"OrderSide":"SELL","OrderQuantity":30,"OrderPrice":408.55,"OrderStatus":"Filled","OrderAverageTradedPrice":408.55,"LastUpdateDateTime":"2024-11-16T16:52:59.762Z"}
2024-11-16T16:52:59.765Z - Trade update emitted: {"LoginID":"XTS","ClientID":"XTSCLI","AppOrderID":"APP1731775979762","OrderReferenceID":"","GeneratedBy":"TWSAPI","ExchangeOrderID":"EXCHANGE1731775979763","OrderCategoryType":"NORMAL","ExchangeSegment":"NSEFO","ExchangeInstrumentID":41315,"OrderSide":"SELL","OrderType":"MARKET","ProductType":"NRML","TimeInForce":"DAY","OrderPrice":408.55,"OrderQuantity":30,"OrderStopPrice":0,"OrderStatus":"Filled","OrderAverageTradedPrice":408.55,"LeavesQuantity":0,"CumulativeQuantity":30,"OrderDisclosedQuantity":0,"OrderGeneratedDateTime":"2024-11-16T16:52:59.763Z","ExchangeTransactTime":"2024-11-16T16:52:59.763Z","LastUpdateDateTime":"2024-11-16T16:52:59.763Z","OrderUniqueIdentifier":"strategy1leg2","OrderLegStatus":"SingleOrderLeg","LastTradedPrice":408.55,"LastTradedQuantity":30,"LastExecutionTransactTime":"2024-11-16T16:52:59.763Z","ExecutionID":"EXEC1731775979763","ExecutionReportIndex":3,"IsSpread":false,"MessageCode":9005,"MessageVersion":1,"TokenID":0,"ApplicationType":0,"SequenceNumber":0}
2024-11-16T16:52:59.779Z - Stop-Limit order placed: {"exchangeInstrumentID":41322,"OrderSide":"BUY","OrderQuantity":30,"OrderType":"StopLimit","OrderStatus":"New","OrderPrice":735.9,"OrderStopPrice":733.9,"OrderUniqueIdentifier":"strategy1leg1_sl","AppOrderID":"APP1731775979777","LastUpdateDateTime":"2024-11-16T16:52:59.777Z","OrderGeneratedDateTime":"2024-11-16T16:52:59.777Z"}
2024-11-16T16:52:59.786Z - Stop-Limit order placed: {"exchangeInstrumentID":41315,"OrderSide":"BUY","OrderQuantity":30,"OrderType":"StopLimit","OrderStatus":"New","OrderPrice":425.55,"OrderStopPrice":423.55,"OrderUniqueIdentifier":"strategy1leg2_sl","AppOrderID":"APP1731775979784","LastUpdateDateTime":"2024-11-16T16:52:59.784Z","OrderGeneratedDateTime":"2024-11-16T16:52:59.784Z"}
2024-11-16T16:56:06.417Z - Client disconnected from OrderSocket
2024-11-16T16:56:12.083Z - Client connected to OrderSocket
2024-11-16T16:56:51.534Z - Market sell order placed and filled: {"exchangeSegment":"NSEFO","productType":"NRML","orderType":"MARKET","timeInForce":"DAY","disclosedQuantity":0,"limitPrice":0,"stopPrice":0,"OrderUniqueIdentifier":"strategy1leg1","AppOrderID":"APP1731776211533","exchangeInstrumentID":41322,"OrderSide":"SELL","OrderQuantity":30,"OrderPrice":691.6,"OrderStatus":"Filled","OrderAverageTradedPrice":691.6,"LastUpdateDateTime":"2024-11-16T16:56:51.533Z"}
2024-11-16T16:56:51.534Z - Trade update emitted: {"LoginID":"XTS","ClientID":"XTSCLI","AppOrderID":"APP1731776211533","OrderReferenceID":"","GeneratedBy":"TWSAPI","ExchangeOrderID":"EXCHANGE1731776211534","OrderCategoryType":"NORMAL","ExchangeSegment":"NSEFO","ExchangeInstrumentID":41322,"OrderSide":"SELL","OrderType":"MARKET","ProductType":"NRML","TimeInForce":"DAY","OrderPrice":691.6,"OrderQuantity":30,"OrderStopPrice":0,"OrderStatus":"Filled","OrderAverageTradedPrice":691.6,"LeavesQuantity":0,"CumulativeQuantity":30,"OrderDisclosedQuantity":0,"OrderGeneratedDateTime":"2024-11-16T16:56:51.534Z","ExchangeTransactTime":"2024-11-16T16:56:51.534Z","LastUpdateDateTime":"2024-11-16T16:56:51.534Z","OrderUniqueIdentifier":"strategy1leg1","OrderLegStatus":"SingleOrderLeg","LastTradedPrice":691.6,"LastTradedQuantity":30,"LastExecutionTransactTime":"2024-11-16T16:56:51.534Z","ExecutionID":"EXEC1731776211534","ExecutionReportIndex":3,"IsSpread":false,"MessageCode":9005,"MessageVersion":1,"TokenID":0,"ApplicationType":0,"SequenceNumber":0}
2024-11-16T16:59:02.859Z - Market sell order placed and filled: {"exchangeSegment":"NSEFO","productType":"NRML","orderType":"MARKET","timeInForce":"DAY","disclosedQuantity":0,"limitPrice":0,"stopPrice":0,"OrderUniqueIdentifier":"strategy1leg2","AppOrderID":"APP1731776342858","exchangeInstrumentID":41311,"OrderSide":"SELL","OrderQuantity":30,"OrderPrice":413.55,"OrderStatus":"Filled","OrderAverageTradedPrice":413.55,"LastUpdateDateTime":"2024-11-16T16:59:02.858Z"}
2024-11-16T16:59:02.859Z - Trade update emitted: {"LoginID":"XTS","ClientID":"XTSCLI","AppOrderID":"APP1731776342858","OrderReferenceID":"","GeneratedBy":"TWSAPI","ExchangeOrderID":"EXCHANGE1731776342858","OrderCategoryType":"NORMAL","ExchangeSegment":"NSEFO","ExchangeInstrumentID":41311,"OrderSide":"SELL","OrderType":"MARKET","ProductType":"NRML","TimeInForce":"DAY","OrderPrice":413.55,"OrderQuantity":30,"OrderStopPrice":0,"OrderStatus":"Filled","OrderAverageTradedPrice":413.55,"LeavesQuantity":0,"CumulativeQuantity":30,"OrderDisclosedQuantity":0,"OrderGeneratedDateTime":"2024-11-16T16:59:02.858Z","ExchangeTransactTime":"2024-11-16T16:59:02.858Z","LastUpdateDateTime":"2024-11-16T16:59:02.858Z","OrderUniqueIdentifier":"strategy1leg2","OrderLegStatus":"SingleOrderLeg","LastTradedPrice":413.55,"LastTradedQuantity":30,"LastExecutionTransactTime":"2024-11-16T16:59:02.858Z","ExecutionID":"EXEC1731776342858","ExecutionReportIndex":3,"IsSpread":false,"MessageCode":9005,"MessageVersion":1,"TokenID":0,"ApplicationType":0,"SequenceNumber":0}
2024-11-16T16:59:02.866Z - Stop-Limit order placed: {"exchangeInstrumentID":41322,"OrderSide":"BUY","OrderQuantity":30,"OrderType":"StopLimit","OrderStatus":"New","OrderPrice":708.6,"OrderStopPrice":706.6,"OrderUniqueIdentifier":"strategy1leg1_sl","AppOrderID":"APP1731776342865","LastUpdateDateTime":"2024-11-16T16:59:02.865Z","OrderGeneratedDateTime":"2024-11-16T16:59:02.865Z"}
2024-11-16T16:59:02.870Z - Stop-Limit order placed: {"exchangeInstrumentID":41311,"OrderSide":"BUY","OrderQuantity":30,"OrderType":"StopLimit","OrderStatus":"New","OrderPrice":430.55,"OrderStopPrice":428.55,"OrderUniqueIdentifier":"strategy1leg2_sl","AppOrderID":"APP1731776342869","LastUpdateDateTime":"2024-11-16T16:59:02.869Z","OrderGeneratedDateTime":"2024-11-16T16:59:02.869Z"}
2024-11-17T06:29:59.823Z - OrderSocket server running on port 8050
2024-11-17T06:29:59.885Z - Invalid data received from marketSocket: {"data":"Connected to server"}
2024-11-17T06:30:25.593Z - Client connected to OrderSocket
2024-11-17T06:35:58.813Z - Client disconnected from OrderSocket
2024-11-17T06:36:06.168Z - Client connected to OrderSocket
2024-11-17T06:37:19.770Z - Client disconnected from OrderSocket
2024-11-17T06:41:09.393Z - OrderSocket server running on port 8050
2024-11-17T06:41:20.233Z - Invalid data received from marketSocket: {"data":"Connected to server"}
2024-11-17T06:41:27.149Z - OrderSocket server running on port 8050
2024-11-17T06:41:27.160Z - Invalid data received from marketSocket: {"data":"Connected to server"}
2024-11-17T06:41:35.290Z - Client connected to OrderSocket
2024-11-17T08:47:31.529Z - Client disconnected from OrderSocket
2024-11-17T08:47:43.348Z - OrderSocket server running on port 8050
2024-11-17T08:47:59.468Z - OrderSocket server running on port 8050
2024-11-17T08:47:59.502Z - Invalid data received from marketSocket: {"data":"Connected to server"}
2024-11-17T08:48:17.772Z - Client connected to OrderSocket
2024-11-17T08:49:01.757Z - Market sell order placed and filled: {"exchangeSegment":"NSEFO","productType":"NRML","orderType":"MARKET","timeInForce":"DAY","disclosedQuantity":0,"limitPrice":0,"stopPrice":0,"OrderUniqueIdentifier":"strategy1leg1","AppOrderID":"APP1731833341733","exchangeInstrumentID":41322,"OrderSide":"SELL","OrderQuantity":30,"OrderPrice":757.55,"OrderStatus":"Filled","OrderAverageTradedPrice":757.55,"LastUpdateDateTime":"2024-11-17T08:49:01.733Z"}
2024-11-17T08:49:01.757Z - Trade update emitted: {"LoginID":"XTS","ClientID":"XTSCLI","AppOrderID":"APP1731833341733","OrderReferenceID":"","GeneratedBy":"TWSAPI","ExchangeOrderID":"EXCHANGE1731833341734","OrderCategoryType":"NORMAL","ExchangeSegment":"NSEFO","ExchangeInstrumentID":41322,"OrderSide":"SELL","OrderType":"MARKET","ProductType":"NRML","TimeInForce":"DAY","OrderPrice":757.55,"OrderQuantity":30,"OrderStopPrice":0,"OrderStatus":"Filled","OrderAverageTradedPrice":757.55,"LeavesQuantity":0,"CumulativeQuantity":30,"OrderDisclosedQuantity":0,"OrderGeneratedDateTime":"2024-11-17T08:49:01.734Z","ExchangeTransactTime":"2024-11-17T08:49:01.734Z","LastUpdateDateTime":"2024-11-17T08:49:01.734Z","OrderUniqueIdentifier":"strategy1leg1","OrderLegStatus":"SingleOrderLeg","LastTradedPrice":757.55,"LastTradedQuantity":30,"LastExecutionTransactTime":"2024-11-17T08:49:01.734Z","ExecutionID":"EXEC1731833341734","ExecutionReportIndex":3,"IsSpread":false,"MessageCode":9005,"MessageVersion":1,"TokenID":0,"ApplicationType":0,"SequenceNumber":0}
2024-11-17T08:51:27.739Z - Market sell order placed and filled: {"exchangeSegment":"NSEFO","productType":"NRML","orderType":"MARKET","timeInForce":"DAY","disclosedQuantity":0,"limitPrice":0,"stopPrice":0,"OrderUniqueIdentifier":"strategy1leg2","AppOrderID":"APP1731833487738","exchangeInstrumentID":41317,"OrderSide":"SELL","OrderQuantity":30,"OrderPrice":437.7,"OrderStatus":"Filled","OrderAverageTradedPrice":437.7,"LastUpdateDateTime":"2024-11-17T08:51:27.738Z"}
2024-11-17T08:51:27.739Z - Trade update emitted: {"LoginID":"XTS","ClientID":"XTSCLI","AppOrderID":"APP1731833487738","OrderReferenceID":"","GeneratedBy":"TWSAPI","ExchangeOrderID":"EXCHANGE1731833487738","OrderCategoryType":"NORMAL","ExchangeSegment":"NSEFO","ExchangeInstrumentID":41317,"OrderSide":"SELL","OrderType":"MARKET","ProductType":"NRML","TimeInForce":"DAY","OrderPrice":437.7,"OrderQuantity":30,"OrderStopPrice":0,"OrderStatus":"Filled","OrderAverageTradedPrice":437.7,"LeavesQuantity":0,"CumulativeQuantity":30,"OrderDisclosedQuantity":0,"OrderGeneratedDateTime":"2024-11-17T08:51:27.738Z","ExchangeTransactTime":"2024-11-17T08:51:27.738Z","LastUpdateDateTime":"2024-11-17T08:51:27.738Z","OrderUniqueIdentifier":"strategy1leg2","OrderLegStatus":"SingleOrderLeg","LastTradedPrice":437.7,"LastTradedQuantity":30,"LastExecutionTransactTime":"2024-11-17T08:51:27.738Z","ExecutionID":"EXEC1731833487738","ExecutionReportIndex":3,"IsSpread":false,"MessageCode":9005,"MessageVersion":1,"TokenID":0,"ApplicationType":0,"SequenceNumber":0}
2024-11-17T08:51:27.747Z - Stop-Limit order placed: {"exchangeInstrumentID":41322,"OrderSide":"BUY","OrderQuantity":30,"OrderType":"StopLimit","OrderStatus":"New","OrderPrice":774.55,"OrderStopPrice":772.55,"OrderUniqueIdentifier":"strategy1leg1_sl","AppOrderID":"APP1731833487746","LastUpdateDateTime":"2024-11-17T08:51:27.746Z","OrderGeneratedDateTime":"2024-11-17T08:51:27.746Z"}
2024-11-17T08:51:27.753Z - Stop-Limit order placed: {"exchangeInstrumentID":41317,"OrderSide":"BUY","OrderQuantity":30,"OrderType":"StopLimit","OrderStatus":"New","OrderPrice":454.7,"OrderStopPrice":452.7,"OrderUniqueIdentifier":"strategy1leg2_sl","AppOrderID":"APP1731833487751","LastUpdateDateTime":"2024-11-17T08:51:27.751Z","OrderGeneratedDateTime":"2024-11-17T08:51:27.751Z"}
2024-11-17T09:02:16.642Z - Client disconnected from OrderSocket
2024-11-17T09:03:50.801Z - OrderSocket server running on port 8050
2024-11-17T09:03:50.818Z - Invalid data received from marketSocket: {"data":"Connected to server"}
2024-11-17T09:04:05.753Z - Client connected to OrderSocket
2024-11-17T09:26:06.836Z - Client disconnected from OrderSocket
2024-11-17T09:28:00.180Z - OrderSocket server running on port 8050
2024-11-17T09:28:00.197Z - Invalid data received from marketSocket: {"data":"Connected to server"}
2024-11-17T09:28:09.429Z - Client connected to OrderSocket
2024-11-17T09:30:35.350Z - Client disconnected from OrderSocket
2024-11-17T09:30:41.934Z - Client connected to OrderSocket
2024-11-17T09:31:24.563Z - Market sell order placed and filled: {"exchangeSegment":"NSEFO","productType":"NRML","orderType":"MARKET","timeInForce":"DAY","disclosedQuantity":0,"limitPrice":0,"stopPrice":0,"OrderUniqueIdentifier":"strategy1leg1","AppOrderID":"APP1731835884562","exchangeInstrumentID":41322,"OrderSide":"SELL","OrderQuantity":30,"OrderPrice":704,"OrderStatus":"Filled","OrderAverageTradedPrice":704,"LastUpdateDateTime":"2024-11-17T09:31:24.562Z"}
2024-11-17T09:31:24.564Z - Trade update emitted: {"LoginID":"XTS","ClientID":"XTSCLI","AppOrderID":"APP1731835884562","OrderReferenceID":"","GeneratedBy":"TWSAPI","ExchangeOrderID":"EXCHANGE1731835884562","OrderCategoryType":"NORMAL","ExchangeSegment":"NSEFO","ExchangeInstrumentID":41322,"OrderSide":"SELL","OrderType":"MARKET","ProductType":"NRML","TimeInForce":"DAY","OrderPrice":704,"OrderQuantity":30,"OrderStopPrice":0,"OrderStatus":"Filled","OrderAverageTradedPrice":704,"LeavesQuantity":0,"CumulativeQuantity":30,"OrderDisclosedQuantity":0,"OrderGeneratedDateTime":"2024-11-17T09:31:24.562Z","ExchangeTransactTime":"2024-11-17T09:31:24.562Z","LastUpdateDateTime":"2024-11-17T09:31:24.562Z","OrderUniqueIdentifier":"strategy1leg1","OrderLegStatus":"SingleOrderLeg","LastTradedPrice":704,"LastTradedQuantity":30,"LastExecutionTransactTime":"2024-11-17T09:31:24.562Z","ExecutionID":"EXEC1731835884562","ExecutionReportIndex":3,"IsSpread":false,"MessageCode":9005,"MessageVersion":1,"TokenID":0,"ApplicationType":0,"SequenceNumber":0}
2024-11-17T09:31:27.577Z - Stop-Limit order placed: {"exchangeInstrumentID":41322,"OrderSide":"BUY","OrderQuantity":30,"OrderType":"StopLimit","OrderStatus":"New","OrderPrice":721,"OrderStopPrice":719,"OrderUniqueIdentifier":"strategy1leg1_sl","AppOrderID":"APP1731835887574","LastUpdateDateTime":"2024-11-17T09:31:27.574Z","OrderGeneratedDateTime":"2024-11-17T09:31:27.574Z"}
2024-11-17T09:32:39.649Z - Client disconnected from OrderSocket
2024-11-17T09:37:45.990Z - OrderSocket server running on port 8050
2024-11-17T09:37:46.012Z - Invalid data received from marketSocket: {"data":"Connected to server"}
2024-11-17T09:37:54.314Z - Client connected to OrderSocket
2024-11-17T09:38:32.216Z - Market sell order placed and filled: {"exchangeSegment":"NSEFO","productType":"NRML","orderType":"MARKET","timeInForce":"DAY","disclosedQuantity":0,"limitPrice":0,"stopPrice":0,"OrderUniqueIdentifier":"strategy1leg1","AppOrderID":"APP1731836312214","exchangeInstrumentID":41318,"OrderSide":"SELL","OrderQuantity":30,"OrderPrice":808.8,"OrderStatus":"Filled","OrderAverageTradedPrice":808.8,"LastUpdateDateTime":"2024-11-17T09:38:32.214Z"}
2024-11-17T09:38:32.217Z - Trade update emitted: {"LoginID":"XTS","ClientID":"XTSCLI","AppOrderID":"APP1731836312214","OrderReferenceID":"","GeneratedBy":"TWSAPI","ExchangeOrderID":"EXCHANGE1731836312215","OrderCategoryType":"NORMAL","ExchangeSegment":"NSEFO","ExchangeInstrumentID":41318,"OrderSide":"SELL","OrderType":"MARKET","ProductType":"NRML","TimeInForce":"DAY","OrderPrice":808.8,"OrderQuantity":30,"OrderStopPrice":0,"OrderStatus":"Filled","OrderAverageTradedPrice":808.8,"LeavesQuantity":0,"CumulativeQuantity":30,"OrderDisclosedQuantity":0,"OrderGeneratedDateTime":"2024-11-17T09:38:32.215Z","ExchangeTransactTime":"2024-11-17T09:38:32.215Z","LastUpdateDateTime":"2024-11-17T09:38:32.215Z","OrderUniqueIdentifier":"strategy1leg1","OrderLegStatus":"SingleOrderLeg","LastTradedPrice":808.8,"LastTradedQuantity":30,"LastExecutionTransactTime":"2024-11-17T09:38:32.215Z","ExecutionID":"EXEC1731836312215","ExecutionReportIndex":3,"IsSpread":false,"MessageCode":9005,"MessageVersion":1,"TokenID":0,"ApplicationType":0,"SequenceNumber":0}
2024-11-17T09:38:35.238Z - Stop-Limit order placed: {"exchangeInstrumentID":41318,"OrderSide":"BUY","OrderQuantity":30,"OrderType":"StopLimit","OrderStatus":"New","OrderPrice":825.8,"OrderStopPrice":823.8,"OrderUniqueIdentifier":"strategy1leg1_sl","AppOrderID":"APP1731836315237","LastUpdateDateTime":"2024-11-17T09:38:35.237Z","OrderGeneratedDateTime":"2024-11-17T09:38:35.237Z"}
2024-11-17T09:39:42.909Z - Client disconnected from OrderSocket
2024-11-17T09:41:03.037Z - OrderSocket server running on port 8050
2024-11-17T09:41:03.053Z - Invalid data received from marketSocket: {"data":"Connected to server"}
2024-11-17T09:41:26.672Z - Client connected to OrderSocket
2024-11-17T09:42:02.132Z - Market sell order placed and filled: {"exchangeSegment":"NSEFO","productType":"NRML","orderType":"MARKET","timeInForce":"DAY","disclosedQuantity":0,"limitPrice":0,"stopPrice":0,"OrderUniqueIdentifier":"strategy1leg1","AppOrderID":"APP1731836522130","exchangeInstrumentID":41318,"OrderSide":"SELL","OrderQuantity":30,"OrderPrice":817.7,"OrderStatus":"Filled","OrderAverageTradedPrice":817.7,"LastUpdateDateTime":"2024-11-17T09:42:02.130Z"}
2024-11-17T09:42:02.132Z - Trade update emitted: {"LoginID":"XTS","ClientID":"XTSCLI","AppOrderID":"APP1731836522130","OrderReferenceID":"","GeneratedBy":"TWSAPI","ExchangeOrderID":"EXCHANGE1731836522131","OrderCategoryType":"NORMAL","ExchangeSegment":"NSEFO","ExchangeInstrumentID":41318,"OrderSide":"SELL","OrderType":"MARKET","ProductType":"NRML","TimeInForce":"DAY","OrderPrice":817.7,"OrderQuantity":30,"OrderStopPrice":0,"OrderStatus":"Filled","OrderAverageTradedPrice":817.7,"LeavesQuantity":0,"CumulativeQuantity":30,"OrderDisclosedQuantity":0,"OrderGeneratedDateTime":"2024-11-17T09:42:02.131Z","ExchangeTransactTime":"2024-11-17T09:42:02.131Z","LastUpdateDateTime":"2024-11-17T09:42:02.131Z","OrderUniqueIdentifier":"strategy1leg1","OrderLegStatus":"SingleOrderLeg","LastTradedPrice":817.7,"LastTradedQuantity":30,"LastExecutionTransactTime":"2024-11-17T09:42:02.131Z","ExecutionID":"EXEC1731836522131","ExecutionReportIndex":3,"IsSpread":false,"MessageCode":9005,"MessageVersion":1,"TokenID":0,"ApplicationType":0,"SequenceNumber":0}
2024-11-17T09:42:02.143Z - Stop-Limit order placed: {"exchangeInstrumentID":41318,"OrderSide":"BUY","OrderQuantity":30,"OrderType":"StopLimit","OrderStatus":"New","OrderPrice":834.7,"OrderStopPrice":832.7,"OrderUniqueIdentifier":"strategy1leg1_sl","AppOrderID":"APP1731836522142","LastUpdateDateTime":"2024-11-17T09:42:02.142Z","OrderGeneratedDateTime":"2024-11-17T09:42:02.142Z"}
2024-11-17T09:44:46.656Z - Client disconnected from OrderSocket
2024-11-17T09:45:42.029Z - OrderSocket server running on port 8050
2024-11-17T09:45:42.059Z - Invalid data received from marketSocket: {"data":"Connected to server"}
2024-11-17T09:46:50.125Z - Client connected to OrderSocket
2024-11-17T09:47:24.957Z - Market sell order placed and filled: {"exchangeSegment":"NSEFO","productType":"NRML","orderType":"MARKET","timeInForce":"DAY","disclosedQuantity":0,"limitPrice":0,"stopPrice":0,"OrderUniqueIdentifier":"strategy1leg1","AppOrderID":"APP1731836844955","exchangeInstrumentID":41407,"OrderSide":"SELL","OrderQuantity":30,"OrderPrice":527.2,"OrderStatus":"Filled","OrderAverageTradedPrice":527.2,"LastUpdateDateTime":"2024-11-17T09:47:24.955Z"}
2024-11-17T09:47:24.957Z - Trade update emitted: {"LoginID":"XTS","ClientID":"XTSCLI","AppOrderID":"APP1731836844955","OrderReferenceID":"","GeneratedBy":"TWSAPI","ExchangeOrderID":"EXCHANGE1731836844956","OrderCategoryType":"NORMAL","ExchangeSegment":"NSEFO","ExchangeInstrumentID":41407,"OrderSide":"SELL","OrderType":"MARKET","ProductType":"NRML","TimeInForce":"DAY","OrderPrice":527.2,"OrderQuantity":30,"OrderStopPrice":0,"OrderStatus":"Filled","OrderAverageTradedPrice":527.2,"LeavesQuantity":0,"CumulativeQuantity":30,"OrderDisclosedQuantity":0,"OrderGeneratedDateTime":"2024-11-17T09:47:24.956Z","ExchangeTransactTime":"2024-11-17T09:47:24.956Z","LastUpdateDateTime":"2024-11-17T09:47:24.956Z","OrderUniqueIdentifier":"strategy1leg1","OrderLegStatus":"SingleOrderLeg","LastTradedPrice":527.2,"LastTradedQuantity":30,"LastExecutionTransactTime":"2024-11-17T09:47:24.956Z","ExecutionID":"EXEC1731836844956","ExecutionReportIndex":3,"IsSpread":false,"MessageCode":9005,"MessageVersion":1,"TokenID":0,"ApplicationType":0,"SequenceNumber":0}
2024-11-17T09:47:27.977Z - Stop-Limit order placed: {"exchangeInstrumentID":41407,"OrderSide":"BUY","OrderQuantity":30,"OrderType":"StopLimit","OrderStatus":"New","OrderPrice":544.2,"OrderStopPrice":542.2,"OrderUniqueIdentifier":"strategy1leg1_sl","AppOrderID":"APP1731836847976","LastUpdateDateTime":"2024-11-17T09:47:27.976Z","OrderGeneratedDateTime":"2024-11-17T09:47:27.976Z"}
2024-11-17T09:56:24.308Z - Client disconnected from OrderSocket
2024-11-17T09:58:16.985Z - OrderSocket server running on port 8050
2024-11-17T09:58:17.017Z - Invalid data received from marketSocket: {"data":"Connected to server"}
2024-11-17T09:58:33.070Z - Client connected to OrderSocket
2024-11-17T09:59:11.057Z - Market sell order placed and filled: {"exchangeSegment":"NSEFO","productType":"NRML","orderType":"MARKET","timeInForce":"DAY","disclosedQuantity":0,"limitPrice":0,"stopPrice":0,"OrderUniqueIdentifier":"strategy1leg1","AppOrderID":"APP1731837551055","exchangeInstrumentID":41413,"OrderSide":"SELL","OrderQuantity":30,"OrderPrice":494.3,"OrderStatus":"Filled","OrderAverageTradedPrice":494.3,"LastUpdateDateTime":"2024-11-17T09:59:11.055Z"}
2024-11-17T09:59:11.058Z - Trade update emitted: {"LoginID":"XTS","ClientID":"XTSCLI","AppOrderID":"APP1731837551055","OrderReferenceID":"","GeneratedBy":"TWSAPI","ExchangeOrderID":"EXCHANGE1731837551056","OrderCategoryType":"NORMAL","ExchangeSegment":"NSEFO","ExchangeInstrumentID":41413,"OrderSide":"SELL","OrderType":"MARKET","ProductType":"NRML","TimeInForce":"DAY","OrderPrice":494.3,"OrderQuantity":30,"OrderStopPrice":0,"OrderStatus":"Filled","OrderAverageTradedPrice":494.3,"LeavesQuantity":0,"CumulativeQuantity":30,"OrderDisclosedQuantity":0,"OrderGeneratedDateTime":"2024-11-17T09:59:11.056Z","ExchangeTransactTime":"2024-11-17T09:59:11.056Z","LastUpdateDateTime":"2024-11-17T09:59:11.056Z","OrderUniqueIdentifier":"strategy1leg1","OrderLegStatus":"SingleOrderLeg","LastTradedPrice":494.3,"LastTradedQuantity":30,"LastExecutionTransactTime":"2024-11-17T09:59:11.056Z","ExecutionID":"EXEC1731837551056","ExecutionReportIndex":3,"IsSpread":false,"MessageCode":9005,"MessageVersion":1,"TokenID":0,"ApplicationType":0,"SequenceNumber":0}
2024-11-17T09:59:14.069Z - Stop-Limit order placed: {"exchangeInstrumentID":41413,"OrderSide":"BUY","OrderQuantity":30,"OrderType":"StopLimit","OrderStatus":"New","OrderPrice":511.3,"OrderStopPrice":509.3,"OrderUniqueIdentifier":"strategy1leg1_sl","AppOrderID":"APP1731837554068","LastUpdateDateTime":"2024-11-17T09:59:14.068Z","OrderGeneratedDateTime":"2024-11-17T09:59:14.068Z"}
2024-11-17T10:08:02.325Z - Client disconnected from OrderSocket
2024-11-17T10:09:56.966Z - OrderSocket server running on port 8050
2024-11-17T10:09:56.984Z - Invalid data received from marketSocket: {"data":"Connected to server"}
2024-11-17T10:10:08.901Z - Client connected to OrderSocket
2024-11-17T10:17:29.740Z - Client disconnected from OrderSocket
2024-11-17T10:17:36.248Z - Client connected to OrderSocket
2024-11-17T10:18:12.185Z - Market sell order placed and filled: {"exchangeSegment":"NSEFO","productType":"NRML","orderType":"MARKET","timeInForce":"DAY","disclosedQuantity":0,"limitPrice":0,"stopPrice":0,"OrderUniqueIdentifier":"strategy1leg1","AppOrderID":"APP1731838692184","exchangeInstrumentID":41407,"OrderSide":"SELL","OrderQuantity":30,"OrderPrice":511.25,"OrderStatus":"Filled","OrderAverageTradedPrice":511.25,"LastUpdateDateTime":"2024-11-17T10:18:12.184Z"}
2024-11-17T10:18:12.185Z - Trade update emitted: {"LoginID":"XTS","ClientID":"XTSCLI","AppOrderID":"APP1731838692184","OrderReferenceID":"","GeneratedBy":"TWSAPI","ExchangeOrderID":"EXCHANGE1731838692184","OrderCategoryType":"NORMAL","ExchangeSegment":"NSEFO","ExchangeInstrumentID":41407,"OrderSide":"SELL","OrderType":"MARKET","ProductType":"NRML","TimeInForce":"DAY","OrderPrice":511.25,"OrderQuantity":30,"OrderStopPrice":0,"OrderStatus":"Filled","OrderAverageTradedPrice":511.25,"LeavesQuantity":0,"CumulativeQuantity":30,"OrderDisclosedQuantity":0,"OrderGeneratedDateTime":"2024-11-17T10:18:12.184Z","ExchangeTransactTime":"2024-11-17T10:18:12.184Z","LastUpdateDateTime":"2024-11-17T10:18:12.184Z","OrderUniqueIdentifier":"strategy1leg1","OrderLegStatus":"SingleOrderLeg","LastTradedPrice":511.25,"LastTradedQuantity":30,"LastExecutionTransactTime":"2024-11-17T10:18:12.184Z","ExecutionID":"EXEC1731838692184","ExecutionReportIndex":3,"IsSpread":false,"MessageCode":9005,"MessageVersion":1,"TokenID":0,"ApplicationType":0,"SequenceNumber":0}
2024-11-17T10:18:15.202Z - Stop-Limit order placed: {"exchangeInstrumentID":41407,"OrderSide":"BUY","OrderQuantity":30,"OrderType":"StopLimit","OrderStatus":"New","OrderPrice":528.25,"OrderStopPrice":526.25,"OrderUniqueIdentifier":"strategy1leg1_sl","AppOrderID":"APP1731838695201","LastUpdateDateTime":"2024-11-17T10:18:15.201Z","OrderGeneratedDateTime":"2024-11-17T10:18:15.201Z"}
2024-11-17T10:25:14.262Z - Client disconnected from OrderSocket
2024-11-17T10:25:20.214Z - Client connected to OrderSocket
2024-11-17T10:26:15.700Z - Client disconnected from OrderSocket
2024-11-17T10:26:28.663Z - OrderSocket server running on port 8050
2024-11-17T10:26:28.680Z - Invalid data received from marketSocket: {"data":"Connected to server"}
2024-11-17T10:26:37.384Z - Client connected to OrderSocket
2024-11-17T10:42:03.590Z - Client disconnected from OrderSocket
2024-11-17T10:42:09.746Z - Client connected to OrderSocket
2024-11-17T10:42:48.215Z - Market sell order placed and filled: {"exchangeSegment":"NSEFO","productType":"NRML","orderType":"MARKET","timeInForce":"DAY","disclosedQuantity":0,"limitPrice":0,"stopPrice":0,"OrderUniqueIdentifier":"strategy1leg1","AppOrderID":"APP1731840168213","exchangeInstrumentID":41407,"OrderSide":"SELL","OrderQuantity":30,"OrderPrice":514.75,"OrderStatus":"Filled","OrderAverageTradedPrice":514.75,"LastUpdateDateTime":"2024-11-17T10:42:48.213Z"}
2024-11-17T10:42:48.215Z - Trade update emitted: {"LoginID":"XTS","ClientID":"XTSCLI","AppOrderID":"APP1731840168213","OrderReferenceID":"","GeneratedBy":"TWSAPI","ExchangeOrderID":"EXCHANGE1731840168214","OrderCategoryType":"NORMAL","ExchangeSegment":"NSEFO","ExchangeInstrumentID":41407,"OrderSide":"SELL","OrderType":"MARKET","ProductType":"NRML","TimeInForce":"DAY","OrderPrice":514.75,"OrderQuantity":30,"OrderStopPrice":0,"OrderStatus":"Filled","OrderAverageTradedPrice":514.75,"LeavesQuantity":0,"CumulativeQuantity":30,"OrderDisclosedQuantity":0,"OrderGeneratedDateTime":"2024-11-17T10:42:48.214Z","ExchangeTransactTime":"2024-11-17T10:42:48.214Z","LastUpdateDateTime":"2024-11-17T10:42:48.214Z","OrderUniqueIdentifier":"strategy1leg1","OrderLegStatus":"SingleOrderLeg","LastTradedPrice":514.75,"LastTradedQuantity":30,"LastExecutionTransactTime":"2024-11-17T10:42:48.214Z","ExecutionID":"EXEC1731840168214","ExecutionReportIndex":3,"IsSpread":false,"MessageCode":9005,"MessageVersion":1,"TokenID":0,"ApplicationType":0,"SequenceNumber":0}
2024-11-17T10:42:51.232Z - Stop-Limit order placed: {"exchangeInstrumentID":41407,"OrderSide":"BUY","OrderQuantity":30,"OrderType":"StopLimit","OrderStatus":"New","OrderPrice":531.75,"OrderStopPrice":529.75,"OrderUniqueIdentifier":"strategy1leg1_sl","AppOrderID":"APP1731840171231","LastUpdateDateTime":"2024-11-17T10:42:51.231Z","OrderGeneratedDateTime":"2024-11-17T10:42:51.231Z"}
2024-11-17T10:43:48.891Z - Client disconnected from OrderSocket
2024-11-17T10:44:22.454Z - Client connected to OrderSocket
2024-11-17T10:45:00.248Z - Market sell order placed and filled: {"exchangeSegment":"NSEFO","productType":"NRML","orderType":"MARKET","timeInForce":"DAY","disclosedQuantity":0,"limitPrice":0,"stopPrice":0,"OrderUniqueIdentifier":"strategy1leg1","AppOrderID":"APP1731840300247","exchangeInstrumentID":41407,"OrderSide":"SELL","OrderQuantity":30,"OrderPrice":528.05,"OrderStatus":"Filled","OrderAverageTradedPrice":528.05,"LastUpdateDateTime":"2024-11-17T10:45:00.247Z"}
2024-11-17T10:45:00.248Z - Trade update emitted: {"LoginID":"XTS","ClientID":"XTSCLI","AppOrderID":"APP1731840300247","OrderReferenceID":"","GeneratedBy":"TWSAPI","ExchangeOrderID":"EXCHANGE1731840300248","OrderCategoryType":"NORMAL","ExchangeSegment":"NSEFO","ExchangeInstrumentID":41407,"OrderSide":"SELL","OrderType":"MARKET","ProductType":"NRML","TimeInForce":"DAY","OrderPrice":528.05,"OrderQuantity":30,"OrderStopPrice":0,"OrderStatus":"Filled","OrderAverageTradedPrice":528.05,"LeavesQuantity":0,"CumulativeQuantity":30,"OrderDisclosedQuantity":0,"OrderGeneratedDateTime":"2024-11-17T10:45:00.248Z","ExchangeTransactTime":"2024-11-17T10:45:00.248Z","LastUpdateDateTime":"2024-11-17T10:45:00.248Z","OrderUniqueIdentifier":"strategy1leg1","OrderLegStatus":"SingleOrderLeg","LastTradedPrice":528.05,"LastTradedQuantity":30,"LastExecutionTransactTime":"2024-11-17T10:45:00.248Z","ExecutionID":"EXEC1731840300248","ExecutionReportIndex":3,"IsSpread":false,"MessageCode":9005,"MessageVersion":1,"TokenID":0,"ApplicationType":0,"SequenceNumber":0}
2024-11-17T10:45:03.264Z - Stop-Limit order placed: {"exchangeInstrumentID":41407,"OrderSide":"BUY","OrderQuantity":30,"OrderType":"StopLimit","OrderStatus":"New","OrderPrice":545.05,"OrderStopPrice":543.05,"OrderUniqueIdentifier":"strategy1leg1_sl","AppOrderID":"APP1731840303262","LastUpdateDateTime":"2024-11-17T10:45:03.262Z","OrderGeneratedDateTime":"2024-11-17T10:45:03.262Z"}
2024-11-17T10:47:39.894Z - Client disconnected from OrderSocket
2024-11-17T10:47:47.719Z - Client connected to OrderSocket
2024-11-17T10:48:24.132Z - Market sell order placed and filled: {"exchangeSegment":"NSEFO","productType":"NRML","orderType":"MARKET","timeInForce":"DAY","disclosedQuantity":0,"limitPrice":0,"stopPrice":0,"OrderUniqueIdentifier":"strategy1leg1","AppOrderID":"APP1731840504131","exchangeInstrumentID":41413,"OrderSide":"SELL","OrderQuantity":30,"OrderPrice":488.2,"OrderStatus":"Filled","OrderAverageTradedPrice":488.2,"LastUpdateDateTime":"2024-11-17T10:48:24.131Z"}
2024-11-17T10:48:24.132Z - Trade update emitted: {"LoginID":"XTS","ClientID":"XTSCLI","AppOrderID":"APP1731840504131","OrderReferenceID":"","GeneratedBy":"TWSAPI","ExchangeOrderID":"EXCHANGE1731840504132","OrderCategoryType":"NORMAL","ExchangeSegment":"NSEFO","ExchangeInstrumentID":41413,"OrderSide":"SELL","OrderType":"MARKET","ProductType":"NRML","TimeInForce":"DAY","OrderPrice":488.2,"OrderQuantity":30,"OrderStopPrice":0,"OrderStatus":"Filled","OrderAverageTradedPrice":488.2,"LeavesQuantity":0,"CumulativeQuantity":30,"OrderDisclosedQuantity":0,"OrderGeneratedDateTime":"2024-11-17T10:48:24.132Z","ExchangeTransactTime":"2024-11-17T10:48:24.132Z","LastUpdateDateTime":"2024-11-17T10:48:24.132Z","OrderUniqueIdentifier":"strategy1leg1","OrderLegStatus":"SingleOrderLeg","LastTradedPrice":488.2,"LastTradedQuantity":30,"LastExecutionTransactTime":"2024-11-17T10:48:24.132Z","ExecutionID":"EXEC1731840504132","ExecutionReportIndex":3,"IsSpread":false,"MessageCode":9005,"MessageVersion":1,"TokenID":0,"ApplicationType":0,"SequenceNumber":0}
2024-11-17T10:48:27.148Z - Stop-Limit order placed: {"exchangeInstrumentID":41413,"OrderSide":"BUY","OrderQuantity":30,"OrderType":"StopLimit","OrderStatus":"New","OrderPrice":505.2,"OrderStopPrice":503.2,"OrderUniqueIdentifier":"strategy1leg1_sl","AppOrderID":"APP1731840507145","LastUpdateDateTime":"2024-11-17T10:48:27.145Z","OrderGeneratedDateTime":"2024-11-17T10:48:27.145Z"}
2024-11-17T10:49:55.736Z - Client disconnected from OrderSocket
2024-11-17T10:50:10.311Z - Client connected to OrderSocket
2024-11-17T10:50:46.987Z - Market sell order placed and filled: {"exchangeSegment":"NSEFO","productType":"NRML","orderType":"MARKET","timeInForce":"DAY","disclosedQuantity":0,"limitPrice":0,"stopPrice":0,"OrderUniqueIdentifier":"strategy1leg1","AppOrderID":"APP1731840646985","exchangeInstrumentID":41407,"OrderSide":"SELL","OrderQuantity":30,"OrderPrice":527.9,"OrderStatus":"Filled","OrderAverageTradedPrice":527.9,"LastUpdateDateTime":"2024-11-17T10:50:46.985Z"}
2024-11-17T10:50:46.987Z - Trade update emitted: {"LoginID":"XTS","ClientID":"XTSCLI","AppOrderID":"APP1731840646985","OrderReferenceID":"","GeneratedBy":"TWSAPI","ExchangeOrderID":"EXCHANGE1731840646986","OrderCategoryType":"NORMAL","ExchangeSegment":"NSEFO","ExchangeInstrumentID":41407,"OrderSide":"SELL","OrderType":"MARKET","ProductType":"NRML","TimeInForce":"DAY","OrderPrice":527.9,"OrderQuantity":30,"OrderStopPrice":0,"OrderStatus":"Filled","OrderAverageTradedPrice":527.9,"LeavesQuantity":0,"CumulativeQuantity":30,"OrderDisclosedQuantity":0,"OrderGeneratedDateTime":"2024-11-17T10:50:46.986Z","ExchangeTransactTime":"2024-11-17T10:50:46.986Z","LastUpdateDateTime":"2024-11-17T10:50:46.986Z","OrderUniqueIdentifier":"strategy1leg1","OrderLegStatus":"SingleOrderLeg","LastTradedPrice":527.9,"LastTradedQuantity":30,"LastExecutionTransactTime":"2024-11-17T10:50:46.986Z","ExecutionID":"EXEC1731840646986","ExecutionReportIndex":3,"IsSpread":false,"MessageCode":9005,"MessageVersion":1,"TokenID":0,"ApplicationType":0,"SequenceNumber":0}
2024-11-17T10:50:50.000Z - Stop-Limit order placed: {"exchangeInstrumentID":41407,"OrderSide":"BUY","OrderQuantity":30,"OrderType":"StopLimit","OrderStatus":"New","OrderPrice":544.9,"OrderStopPrice":542.9,"OrderUniqueIdentifier":"strategy1leg1_sl","AppOrderID":"APP1731840649999","LastUpdateDateTime":"2024-11-17T10:50:50.000Z","OrderGeneratedDateTime":"2024-11-17T10:50:50.000Z"}
2024-11-17T11:15:25.970Z - OrderSocket server running on port 8050
2024-11-17T11:15:25.992Z - Invalid data received from marketSocket: {"data":"Connected to server"}
2024-11-17T11:16:30.587Z - Client connected to OrderSocket
2024-11-17T11:17:02.497Z - Market sell order placed and filled: {"exchangeSegment":"NSEFO","productType":"NRML","orderType":"MARKET","timeInForce":"DAY","disclosedQuantity":0,"limitPrice":0,"stopPrice":0,"OrderUniqueIdentifier":"strategy1leg1","AppOrderID":"APP1731842222496","exchangeInstrumentID":41407,"OrderSide":"SELL","OrderQuantity":30,"OrderPrice":490.5,"OrderStatus":"Filled","OrderAverageTradedPrice":490.5,"LastUpdateDateTime":"2024-11-17T11:17:02.496Z"}
2024-11-17T11:17:02.497Z - Trade update emitted: {"LoginID":"XTS","ClientID":"XTSCLI","AppOrderID":"APP1731842222496","OrderReferenceID":"","GeneratedBy":"TWSAPI","ExchangeOrderID":"EXCHANGE1731842222496","OrderCategoryType":"NORMAL","ExchangeSegment":"NSEFO","ExchangeInstrumentID":41407,"OrderSide":"SELL","OrderType":"MARKET","ProductType":"NRML","TimeInForce":"DAY","OrderPrice":490.5,"OrderQuantity":30,"OrderStopPrice":0,"OrderStatus":"Filled","OrderAverageTradedPrice":490.5,"LeavesQuantity":0,"CumulativeQuantity":30,"OrderDisclosedQuantity":0,"OrderGeneratedDateTime":"2024-11-17T11:17:02.496Z","ExchangeTransactTime":"2024-11-17T11:17:02.496Z","LastUpdateDateTime":"2024-11-17T11:17:02.496Z","OrderUniqueIdentifier":"strategy1leg1","OrderLegStatus":"SingleOrderLeg","LastTradedPrice":490.5,"LastTradedQuantity":30,"LastExecutionTransactTime":"2024-11-17T11:17:02.496Z","ExecutionID":"EXEC1731842222496","ExecutionReportIndex":3,"IsSpread":false,"MessageCode":9005,"MessageVersion":1,"TokenID":0,"ApplicationType":0,"SequenceNumber":0}
2024-11-17T11:17:10.128Z - Client disconnected from OrderSocket
2024-11-17T11:17:43.756Z - Client connected to OrderSocket
2024-11-17T11:18:16.011Z - Market sell order placed and filled: {"exchangeSegment":"NSEFO","productType":"NRML","orderType":"MARKET","timeInForce":"DAY","disclosedQuantity":0,"limitPrice":0,"stopPrice":0,"OrderUniqueIdentifier":"strategy1leg1","AppOrderID":"APP1731842296010","exchangeInstrumentID":41407,"OrderSide":"SELL","OrderQuantity":30,"OrderPrice":519.85,"OrderStatus":"Filled","OrderAverageTradedPrice":519.85,"LastUpdateDateTime":"2024-11-17T11:18:16.010Z"}
2024-11-17T11:18:16.012Z - Trade update emitted: {"LoginID":"XTS","ClientID":"XTSCLI","AppOrderID":"APP1731842296010","OrderReferenceID":"","GeneratedBy":"TWSAPI","ExchangeOrderID":"EXCHANGE1731842296011","OrderCategoryType":"NORMAL","ExchangeSegment":"NSEFO","ExchangeInstrumentID":41407,"OrderSide":"SELL","OrderType":"MARKET","ProductType":"NRML","TimeInForce":"DAY","OrderPrice":519.85,"OrderQuantity":30,"OrderStopPrice":0,"OrderStatus":"Filled","OrderAverageTradedPrice":519.85,"LeavesQuantity":0,"CumulativeQuantity":30,"OrderDisclosedQuantity":0,"OrderGeneratedDateTime":"2024-11-17T11:18:16.011Z","ExchangeTransactTime":"2024-11-17T11:18:16.011Z","LastUpdateDateTime":"2024-11-17T11:18:16.011Z","OrderUniqueIdentifier":"strategy1leg1","OrderLegStatus":"SingleOrderLeg","LastTradedPrice":519.85,"LastTradedQuantity":30,"LastExecutionTransactTime":"2024-11-17T11:18:16.011Z","ExecutionID":"EXEC1731842296011","ExecutionReportIndex":3,"IsSpread":false,"MessageCode":9005,"MessageVersion":1,"TokenID":0,"ApplicationType":0,"SequenceNumber":0}
2024-11-17T11:18:19.026Z - Stop-Limit order placed: {"exchangeInstrumentID":41407,"OrderSide":"BUY","OrderQuantity":30,"OrderType":"StopLimit","OrderStatus":"New","OrderPrice":536.85,"OrderStopPrice":534.85,"OrderUniqueIdentifier":"strategy1leg1_sl","AppOrderID":"APP1731842299023","LastUpdateDateTime":"2024-11-17T11:18:19.023Z","OrderGeneratedDateTime":"2024-11-17T11:18:19.023Z"}
2024-11-17T11:19:32.757Z - Client disconnected from OrderSocket
2024-11-17T11:20:27.877Z - OrderSocket server running on port 8050
2024-11-17T11:20:27.896Z - Invalid data received from marketSocket: {"data":"Connected to server"}
2024-11-17T11:20:50.752Z - Client connected to OrderSocket
2024-11-17T11:21:20.660Z - Market sell order placed and filled: {"exchangeSegment":"NSEFO","productType":"NRML","orderType":"MARKET","timeInForce":"DAY","disclosedQuantity":0,"limitPrice":0,"stopPrice":0,"OrderUniqueIdentifier":"strategy1leg1","AppOrderID":"APP1731842480658","exchangeInstrumentID":41413,"OrderSide":"SELL","OrderQuantity":30,"OrderPrice":494.9,"OrderStatus":"Filled","OrderAverageTradedPrice":494.9,"LastUpdateDateTime":"2024-11-17T11:21:20.658Z"}
2024-11-17T11:21:20.660Z - Trade update emitted: {"LoginID":"XTS","ClientID":"XTSCLI","AppOrderID":"APP1731842480658","OrderReferenceID":"","GeneratedBy":"TWSAPI","ExchangeOrderID":"EXCHANGE1731842480659","OrderCategoryType":"NORMAL","ExchangeSegment":"NSEFO","ExchangeInstrumentID":41413,"OrderSide":"SELL","OrderType":"MARKET","ProductType":"NRML","TimeInForce":"DAY","OrderPrice":494.9,"OrderQuantity":30,"OrderStopPrice":0,"OrderStatus":"Filled","OrderAverageTradedPrice":494.9,"LeavesQuantity":0,"CumulativeQuantity":30,"OrderDisclosedQuantity":0,"OrderGeneratedDateTime":"2024-11-17T11:21:20.659Z","ExchangeTransactTime":"2024-11-17T11:21:20.659Z","LastUpdateDateTime":"2024-11-17T11:21:20.659Z","OrderUniqueIdentifier":"strategy1leg1","OrderLegStatus":"SingleOrderLeg","LastTradedPrice":494.9,"LastTradedQuantity":30,"LastExecutionTransactTime":"2024-11-17T11:21:20.659Z","ExecutionID":"EXEC1731842480659","ExecutionReportIndex":3,"IsSpread":false,"MessageCode":9005,"MessageVersion":1,"TokenID":0,"ApplicationType":0,"SequenceNumber":0}
2024-11-17T11:21:23.668Z - Stop-Limit order placed: {"exchangeInstrumentID":41413,"OrderSide":"BUY","OrderQuantity":30,"OrderType":"StopLimit","OrderStatus":"New","OrderPrice":511.9,"OrderStopPrice":509.9,"OrderUniqueIdentifier":"strategy1leg1_sl","AppOrderID":"APP1731842483667","LastUpdateDateTime":"2024-11-17T11:21:23.667Z","OrderGeneratedDateTime":"2024-11-17T11:21:23.668Z"}
